
2018-08-07 09:32:36
[ERROR]-[Thread: main]-[com.jfinal.kit.LogKit.error()]: port: 80 already in use!
java.lang.IllegalStateException: port: 80 already in use!
	at com.jfinal.server.JettyServer.doStart(JettyServer.java:87)
	at com.jfinal.server.JettyServer.start(JettyServer.java:70)
	at com.jfinal.core.JFinal.start(JFinal.java:162)
	at cn.jbolt.htmltowxml4j.common.config.MainConfig.main(MainConfig.java:77)

2018-08-08 00:17:34
[ERROR]-[Thread: qtp21026758-15]-[com.jfinal.core.ActionHandler.handle()]: /
java.util.ConcurrentModificationException
	at java.util.ArrayList$Itr.checkForComodification(ArrayList.java:859)
	at java.util.ArrayList$Itr.next(ArrayList.java:831)
	at java.util.Collections$UnmodifiableCollection$1.next(Collections.java:1067)
	at cn.jbolt.htmltowxml4j.core.HtmlToJson.processChildNodes(HtmlToJson.java:336)
	at cn.jbolt.htmltowxml4j.core.HtmlToJson.convertNodeToJsonObject(HtmlToJson.java:112)
	at cn.jbolt.htmltowxml4j.core.HtmlToJson.processChildNodes(HtmlToJson.java:337)
	at cn.jbolt.htmltowxml4j.core.HtmlToJson.convertNodeToJsonObject(HtmlToJson.java:112)
	at cn.jbolt.htmltowxml4j.core.HtmlToJson.get(HtmlToJson.java:71)
	at cn.jbolt.htmltowxml4j.api.IndexController.index(IndexController.java:49)
	at sun.reflect.NativeMethodAccessorImpl.invoke0(Native Method)
	at sun.reflect.NativeMethodAccessorImpl.invoke(NativeMethodAccessorImpl.java:57)
	at sun.reflect.DelegatingMethodAccessorImpl.invoke(DelegatingMethodAccessorImpl.java:43)
	at java.lang.reflect.Method.invoke(Method.java:606)
	at com.jfinal.aop.Invocation.invoke(Invocation.java:73)
	at com.jfinal.core.ActionHandler.handle(ActionHandler.java:78)
	at com.jfinal.core.JFinalFilter.doFilter(JFinalFilter.java:73)
	at org.eclipse.jetty.servlet.ServletHandler$CachedChain.doFilter(ServletHandler.java:1307)
	at org.eclipse.jetty.servlet.ServletHandler.doHandle(ServletHandler.java:453)
	at org.eclipse.jetty.server.handler.ScopedHandler.handle(ScopedHandler.java:137)
	at org.eclipse.jetty.security.SecurityHandler.handle(SecurityHandler.java:560)
	at org.eclipse.jetty.server.session.SessionHandler.doHandle(SessionHandler.java:231)
	at org.eclipse.jetty.server.handler.ContextHandler.doHandle(ContextHandler.java:1072)
	at org.eclipse.jetty.servlet.ServletHandler.doScope(ServletHandler.java:382)
	at org.eclipse.jetty.server.session.SessionHandler.doScope(SessionHandler.java:193)
	at org.eclipse.jetty.server.handler.ContextHandler.doScope(ContextHandler.java:1006)
	at org.eclipse.jetty.server.handler.ScopedHandler.handle(ScopedHandler.java:135)
	at org.eclipse.jetty.server.handler.ContextHandlerCollection.handle(ContextHandlerCollection.java:255)
	at org.eclipse.jetty.server.handler.HandlerCollection.handle(HandlerCollection.java:154)
	at org.eclipse.jetty.server.handler.HandlerWrapper.handle(HandlerWrapper.java:116)
	at org.eclipse.jetty.server.Server.handle(Server.java:365)
	at org.eclipse.jetty.server.AbstractHttpConnection.handleRequest(AbstractHttpConnection.java:485)
	at org.eclipse.jetty.server.AbstractHttpConnection.content(AbstractHttpConnection.java:937)
	at org.eclipse.jetty.server.AbstractHttpConnection$RequestHandler.content(AbstractHttpConnection.java:998)
	at org.eclipse.jetty.http.HttpParser.parseNext(HttpParser.java:856)
	at org.eclipse.jetty.http.HttpParser.parseAvailable(HttpParser.java:240)
	at org.eclipse.jetty.server.AsyncHttpConnection.handle(AsyncHttpConnection.java:82)
	at org.eclipse.jetty.io.nio.SelectChannelEndPoint.handle(SelectChannelEndPoint.java:628)
	at org.eclipse.jetty.io.nio.SelectChannelEndPoint$1.run(SelectChannelEndPoint.java:52)
	at org.eclipse.jetty.util.thread.QueuedThreadPool.runJob(QueuedThreadPool.java:608)
	at org.eclipse.jetty.util.thread.QueuedThreadPool$3.run(QueuedThreadPool.java:543)
	at java.lang.Thread.run(Thread.java:744)

2018-08-08 00:17:38
[ERROR]-[Thread: qtp21026758-16]-[com.jfinal.core.ActionHandler.handle()]: /
java.util.ConcurrentModificationException
	at java.util.ArrayList$Itr.checkForComodification(ArrayList.java:859)
	at java.util.ArrayList$Itr.next(ArrayList.java:831)
	at java.util.Collections$UnmodifiableCollection$1.next(Collections.java:1067)
	at cn.jbolt.htmltowxml4j.core.HtmlToJson.processChildNodes(HtmlToJson.java:336)
	at cn.jbolt.htmltowxml4j.core.HtmlToJson.convertNodeToJsonObject(HtmlToJson.java:112)
	at cn.jbolt.htmltowxml4j.core.HtmlToJson.processChildNodes(HtmlToJson.java:337)
	at cn.jbolt.htmltowxml4j.core.HtmlToJson.convertNodeToJsonObject(HtmlToJson.java:112)
	at cn.jbolt.htmltowxml4j.core.HtmlToJson.get(HtmlToJson.java:71)
	at cn.jbolt.htmltowxml4j.api.IndexController.index(IndexController.java:49)
	at sun.reflect.NativeMethodAccessorImpl.invoke0(Native Method)
	at sun.reflect.NativeMethodAccessorImpl.invoke(NativeMethodAccessorImpl.java:57)
	at sun.reflect.DelegatingMethodAccessorImpl.invoke(DelegatingMethodAccessorImpl.java:43)
	at java.lang.reflect.Method.invoke(Method.java:606)
	at com.jfinal.aop.Invocation.invoke(Invocation.java:73)
	at com.jfinal.core.ActionHandler.handle(ActionHandler.java:78)
	at com.jfinal.core.JFinalFilter.doFilter(JFinalFilter.java:73)
	at org.eclipse.jetty.servlet.ServletHandler$CachedChain.doFilter(ServletHandler.java:1307)
	at org.eclipse.jetty.servlet.ServletHandler.doHandle(ServletHandler.java:453)
	at org.eclipse.jetty.server.handler.ScopedHandler.handle(ScopedHandler.java:137)
	at org.eclipse.jetty.security.SecurityHandler.handle(SecurityHandler.java:560)
	at org.eclipse.jetty.server.session.SessionHandler.doHandle(SessionHandler.java:231)
	at org.eclipse.jetty.server.handler.ContextHandler.doHandle(ContextHandler.java:1072)
	at org.eclipse.jetty.servlet.ServletHandler.doScope(ServletHandler.java:382)
	at org.eclipse.jetty.server.session.SessionHandler.doScope(SessionHandler.java:193)
	at org.eclipse.jetty.server.handler.ContextHandler.doScope(ContextHandler.java:1006)
	at org.eclipse.jetty.server.handler.ScopedHandler.handle(ScopedHandler.java:135)
	at org.eclipse.jetty.server.handler.ContextHandlerCollection.handle(ContextHandlerCollection.java:255)
	at org.eclipse.jetty.server.handler.HandlerCollection.handle(HandlerCollection.java:154)
	at org.eclipse.jetty.server.handler.HandlerWrapper.handle(HandlerWrapper.java:116)
	at org.eclipse.jetty.server.Server.handle(Server.java:365)
	at org.eclipse.jetty.server.AbstractHttpConnection.handleRequest(AbstractHttpConnection.java:485)
	at org.eclipse.jetty.server.AbstractHttpConnection.content(AbstractHttpConnection.java:937)
	at org.eclipse.jetty.server.AbstractHttpConnection$RequestHandler.content(AbstractHttpConnection.java:998)
	at org.eclipse.jetty.http.HttpParser.parseNext(HttpParser.java:856)
	at org.eclipse.jetty.http.HttpParser.parseAvailable(HttpParser.java:240)
	at org.eclipse.jetty.server.AsyncHttpConnection.handle(AsyncHttpConnection.java:82)
	at org.eclipse.jetty.io.nio.SelectChannelEndPoint.handle(SelectChannelEndPoint.java:628)
	at org.eclipse.jetty.io.nio.SelectChannelEndPoint$1.run(SelectChannelEndPoint.java:52)
	at org.eclipse.jetty.util.thread.QueuedThreadPool.runJob(QueuedThreadPool.java:608)
	at org.eclipse.jetty.util.thread.QueuedThreadPool$3.run(QueuedThreadPool.java:543)
	at java.lang.Thread.run(Thread.java:744)

2018-08-08 01:57:39
[ERROR]-[Thread: qtp15497163-11]-[com.jfinal.core.ActionHandler.handle()]: /
java.lang.ClassCastException: org.jsoup.nodes.TextNode cannot be cast to org.jsoup.nodes.Element
	at cn.jbolt.htmltowxml4j.core.HtmlToJson.convertNodeToJsonObject(HtmlToJson.java:94)
	at cn.jbolt.htmltowxml4j.core.HtmlToJson.processChildNodes(HtmlToJson.java:383)
	at cn.jbolt.htmltowxml4j.core.HtmlToJson.convertNodeToJsonObject(HtmlToJson.java:111)
	at cn.jbolt.htmltowxml4j.core.HtmlToJson.processChildNodes(HtmlToJson.java:383)
	at cn.jbolt.htmltowxml4j.core.HtmlToJson.convertNodeToJsonObject(HtmlToJson.java:111)
	at cn.jbolt.htmltowxml4j.core.HtmlToJson.processPreLi(HtmlToJson.java:283)
	at cn.jbolt.htmltowxml4j.core.HtmlToJson.processPreOl(HtmlToJson.java:255)
	at cn.jbolt.htmltowxml4j.core.HtmlToJson.processTagPre(HtmlToJson.java:240)
	at cn.jbolt.htmltowxml4j.core.HtmlToJson.convertNodeToJsonObject(HtmlToJson.java:101)
	at cn.jbolt.htmltowxml4j.core.HtmlToJson.processChildNodes(HtmlToJson.java:383)
	at cn.jbolt.htmltowxml4j.core.HtmlToJson.convertNodeToJsonObject(HtmlToJson.java:111)
	at cn.jbolt.htmltowxml4j.core.HtmlToJson.get(HtmlToJson.java:72)
	at cn.jbolt.htmltowxml4j.api.IndexController.index(IndexController.java:49)
	at sun.reflect.NativeMethodAccessorImpl.invoke0(Native Method)
	at sun.reflect.NativeMethodAccessorImpl.invoke(NativeMethodAccessorImpl.java:57)
	at sun.reflect.DelegatingMethodAccessorImpl.invoke(DelegatingMethodAccessorImpl.java:43)
	at java.lang.reflect.Method.invoke(Method.java:606)
	at com.jfinal.aop.Invocation.invoke(Invocation.java:73)
	at com.jfinal.core.ActionHandler.handle(ActionHandler.java:78)
	at com.jfinal.core.JFinalFilter.doFilter(JFinalFilter.java:73)
	at org.eclipse.jetty.servlet.ServletHandler$CachedChain.doFilter(ServletHandler.java:1307)
	at org.eclipse.jetty.servlet.ServletHandler.doHandle(ServletHandler.java:453)
	at org.eclipse.jetty.server.handler.ScopedHandler.handle(ScopedHandler.java:137)
	at org.eclipse.jetty.security.SecurityHandler.handle(SecurityHandler.java:560)
	at org.eclipse.jetty.server.session.SessionHandler.doHandle(SessionHandler.java:231)
	at org.eclipse.jetty.server.handler.ContextHandler.doHandle(ContextHandler.java:1072)
	at org.eclipse.jetty.servlet.ServletHandler.doScope(ServletHandler.java:382)
	at org.eclipse.jetty.server.session.SessionHandler.doScope(SessionHandler.java:193)
	at org.eclipse.jetty.server.handler.ContextHandler.doScope(ContextHandler.java:1006)
	at org.eclipse.jetty.server.handler.ScopedHandler.handle(ScopedHandler.java:135)
	at org.eclipse.jetty.server.handler.HandlerWrapper.handle(HandlerWrapper.java:116)
	at org.eclipse.jetty.server.Server.handle(Server.java:365)
	at org.eclipse.jetty.server.AbstractHttpConnection.handleRequest(AbstractHttpConnection.java:485)
	at org.eclipse.jetty.server.AbstractHttpConnection.content(AbstractHttpConnection.java:937)
	at org.eclipse.jetty.server.AbstractHttpConnection$RequestHandler.content(AbstractHttpConnection.java:998)
	at org.eclipse.jetty.http.HttpParser.parseNext(HttpParser.java:856)
	at org.eclipse.jetty.http.HttpParser.parseAvailable(HttpParser.java:240)
	at org.eclipse.jetty.server.AsyncHttpConnection.handle(AsyncHttpConnection.java:82)
	at org.eclipse.jetty.io.nio.SelectChannelEndPoint.handle(SelectChannelEndPoint.java:628)
	at org.eclipse.jetty.io.nio.SelectChannelEndPoint$1.run(SelectChannelEndPoint.java:52)
	at org.eclipse.jetty.util.thread.QueuedThreadPool.runJob(QueuedThreadPool.java:608)
	at org.eclipse.jetty.util.thread.QueuedThreadPool$3.run(QueuedThreadPool.java:543)
	at java.lang.Thread.run(Thread.java:744)

2018-08-08 02:04:42
[ERROR]-[Thread: qtp15497163-15]-[com.jfinal.core.ActionHandler.handle()]: /
java.util.regex.PatternSyntaxException: Unclosed group near index 11
add_action(
           ^
	at java.util.regex.Pattern.error(Pattern.java:1924)
	at java.util.regex.Pattern.accept(Pattern.java:1782)
	at java.util.regex.Pattern.group0(Pattern.java:2857)
	at java.util.regex.Pattern.sequence(Pattern.java:2018)
	at java.util.regex.Pattern.expr(Pattern.java:1964)
	at java.util.regex.Pattern.compile(Pattern.java:1665)
	at java.util.regex.Pattern.<init>(Pattern.java:1337)
	at java.util.regex.Pattern.compile(Pattern.java:1022)
	at java.lang.String.split(String.java:2313)
	at java.lang.String.split(String.java:2355)
	at cn.jbolt.htmltowxml4j.core.HtmlToJson.processMutilTextNode(HtmlToJson.java:301)
	at cn.jbolt.htmltowxml4j.core.HtmlToJson.processPreLi(HtmlToJson.java:281)
	at cn.jbolt.htmltowxml4j.core.HtmlToJson.processPreOl(HtmlToJson.java:255)
	at cn.jbolt.htmltowxml4j.core.HtmlToJson.processTagPre(HtmlToJson.java:240)
	at cn.jbolt.htmltowxml4j.core.HtmlToJson.convertNodeToJsonObject(HtmlToJson.java:101)
	at cn.jbolt.htmltowxml4j.core.HtmlToJson.get(HtmlToJson.java:72)
	at cn.jbolt.htmltowxml4j.api.IndexController.index(IndexController.java:49)
	at sun.reflect.NativeMethodAccessorImpl.invoke0(Native Method)
	at sun.reflect.NativeMethodAccessorImpl.invoke(NativeMethodAccessorImpl.java:57)
	at sun.reflect.DelegatingMethodAccessorImpl.invoke(DelegatingMethodAccessorImpl.java:43)
	at java.lang.reflect.Method.invoke(Method.java:606)
	at com.jfinal.aop.Invocation.invoke(Invocation.java:73)
	at com.jfinal.core.ActionHandler.handle(ActionHandler.java:78)
	at com.jfinal.core.JFinalFilter.doFilter(JFinalFilter.java:73)
	at org.eclipse.jetty.servlet.ServletHandler$CachedChain.doFilter(ServletHandler.java:1307)
	at org.eclipse.jetty.servlet.ServletHandler.doHandle(ServletHandler.java:453)
	at org.eclipse.jetty.server.handler.ScopedHandler.handle(ScopedHandler.java:137)
	at org.eclipse.jetty.security.SecurityHandler.handle(SecurityHandler.java:560)
	at org.eclipse.jetty.server.session.SessionHandler.doHandle(SessionHandler.java:231)
	at org.eclipse.jetty.server.handler.ContextHandler.doHandle(ContextHandler.java:1072)
	at org.eclipse.jetty.servlet.ServletHandler.doScope(ServletHandler.java:382)
	at org.eclipse.jetty.server.session.SessionHandler.doScope(SessionHandler.java:193)
	at org.eclipse.jetty.server.handler.ContextHandler.doScope(ContextHandler.java:1006)
	at org.eclipse.jetty.server.handler.ScopedHandler.handle(ScopedHandler.java:135)
	at org.eclipse.jetty.server.handler.HandlerWrapper.handle(HandlerWrapper.java:116)
	at org.eclipse.jetty.server.Server.handle(Server.java:365)
	at org.eclipse.jetty.server.AbstractHttpConnection.handleRequest(AbstractHttpConnection.java:485)
	at org.eclipse.jetty.server.AbstractHttpConnection.content(AbstractHttpConnection.java:937)
	at org.eclipse.jetty.server.AbstractHttpConnection$RequestHandler.content(AbstractHttpConnection.java:998)
	at org.eclipse.jetty.http.HttpParser.parseNext(HttpParser.java:856)
	at org.eclipse.jetty.http.HttpParser.parseAvailable(HttpParser.java:240)
	at org.eclipse.jetty.server.AsyncHttpConnection.handle(AsyncHttpConnection.java:82)
	at org.eclipse.jetty.io.nio.SelectChannelEndPoint.handle(SelectChannelEndPoint.java:628)
	at org.eclipse.jetty.io.nio.SelectChannelEndPoint$1.run(SelectChannelEndPoint.java:52)
	at org.eclipse.jetty.util.thread.QueuedThreadPool.runJob(QueuedThreadPool.java:608)
	at org.eclipse.jetty.util.thread.QueuedThreadPool$3.run(QueuedThreadPool.java:543)
	at java.lang.Thread.run(Thread.java:744)

2018-08-08 02:05:09
[ERROR]-[Thread: qtp15497163-15]-[com.jfinal.core.ActionHandler.handle()]: /
java.lang.ClassCastException: org.jsoup.nodes.TextNode cannot be cast to org.jsoup.nodes.Element
	at cn.jbolt.htmltowxml4j.core.HtmlToJson.convertNodeToJsonObject(HtmlToJson.java:94)
	at cn.jbolt.htmltowxml4j.core.HtmlToJson.processChildNodes(HtmlToJson.java:383)
	at cn.jbolt.htmltowxml4j.core.HtmlToJson.convertNodeToJsonObject(HtmlToJson.java:111)
	at cn.jbolt.htmltowxml4j.core.HtmlToJson.processChildNodes(HtmlToJson.java:383)
	at cn.jbolt.htmltowxml4j.core.HtmlToJson.convertNodeToJsonObject(HtmlToJson.java:111)
	at cn.jbolt.htmltowxml4j.core.HtmlToJson.processPreLi(HtmlToJson.java:283)
	at cn.jbolt.htmltowxml4j.core.HtmlToJson.processPreOl(HtmlToJson.java:255)
	at cn.jbolt.htmltowxml4j.core.HtmlToJson.processTagPre(HtmlToJson.java:240)
	at cn.jbolt.htmltowxml4j.core.HtmlToJson.convertNodeToJsonObject(HtmlToJson.java:101)
	at cn.jbolt.htmltowxml4j.core.HtmlToJson.processChildNodes(HtmlToJson.java:383)
	at cn.jbolt.htmltowxml4j.core.HtmlToJson.convertNodeToJsonObject(HtmlToJson.java:111)
	at cn.jbolt.htmltowxml4j.core.HtmlToJson.get(HtmlToJson.java:72)
	at cn.jbolt.htmltowxml4j.api.IndexController.index(IndexController.java:49)
	at sun.reflect.NativeMethodAccessorImpl.invoke0(Native Method)
	at sun.reflect.NativeMethodAccessorImpl.invoke(NativeMethodAccessorImpl.java:57)
	at sun.reflect.DelegatingMethodAccessorImpl.invoke(DelegatingMethodAccessorImpl.java:43)
	at java.lang.reflect.Method.invoke(Method.java:606)
	at com.jfinal.aop.Invocation.invoke(Invocation.java:73)
	at com.jfinal.core.ActionHandler.handle(ActionHandler.java:78)
	at com.jfinal.core.JFinalFilter.doFilter(JFinalFilter.java:73)
	at org.eclipse.jetty.servlet.ServletHandler$CachedChain.doFilter(ServletHandler.java:1307)
	at org.eclipse.jetty.servlet.ServletHandler.doHandle(ServletHandler.java:453)
	at org.eclipse.jetty.server.handler.ScopedHandler.handle(ScopedHandler.java:137)
	at org.eclipse.jetty.security.SecurityHandler.handle(SecurityHandler.java:560)
	at org.eclipse.jetty.server.session.SessionHandler.doHandle(SessionHandler.java:231)
	at org.eclipse.jetty.server.handler.ContextHandler.doHandle(ContextHandler.java:1072)
	at org.eclipse.jetty.servlet.ServletHandler.doScope(ServletHandler.java:382)
	at org.eclipse.jetty.server.session.SessionHandler.doScope(SessionHandler.java:193)
	at org.eclipse.jetty.server.handler.ContextHandler.doScope(ContextHandler.java:1006)
	at org.eclipse.jetty.server.handler.ScopedHandler.handle(ScopedHandler.java:135)
	at org.eclipse.jetty.server.handler.HandlerWrapper.handle(HandlerWrapper.java:116)
	at org.eclipse.jetty.server.Server.handle(Server.java:365)
	at org.eclipse.jetty.server.AbstractHttpConnection.handleRequest(AbstractHttpConnection.java:485)
	at org.eclipse.jetty.server.AbstractHttpConnection.content(AbstractHttpConnection.java:937)
	at org.eclipse.jetty.server.AbstractHttpConnection$RequestHandler.content(AbstractHttpConnection.java:998)
	at org.eclipse.jetty.http.HttpParser.parseNext(HttpParser.java:856)
	at org.eclipse.jetty.http.HttpParser.parseAvailable(HttpParser.java:240)
	at org.eclipse.jetty.server.AsyncHttpConnection.handle(AsyncHttpConnection.java:82)
	at org.eclipse.jetty.io.nio.SelectChannelEndPoint.handle(SelectChannelEndPoint.java:628)
	at org.eclipse.jetty.io.nio.SelectChannelEndPoint$1.run(SelectChannelEndPoint.java:52)
	at org.eclipse.jetty.util.thread.QueuedThreadPool.runJob(QueuedThreadPool.java:608)
	at org.eclipse.jetty.util.thread.QueuedThreadPool$3.run(QueuedThreadPool.java:543)
	at java.lang.Thread.run(Thread.java:744)

2018-08-08 02:05:14
[ERROR]-[Thread: qtp15497163-10]-[com.jfinal.core.ActionHandler.handle()]: /
java.util.regex.PatternSyntaxException: Unclosed group near index 11
add_action(
           ^
	at java.util.regex.Pattern.error(Pattern.java:1924)
	at java.util.regex.Pattern.accept(Pattern.java:1782)
	at java.util.regex.Pattern.group0(Pattern.java:2857)
	at java.util.regex.Pattern.sequence(Pattern.java:2018)
	at java.util.regex.Pattern.expr(Pattern.java:1964)
	at java.util.regex.Pattern.compile(Pattern.java:1665)
	at java.util.regex.Pattern.<init>(Pattern.java:1337)
	at java.util.regex.Pattern.compile(Pattern.java:1022)
	at java.lang.String.split(String.java:2313)
	at java.lang.String.split(String.java:2355)
	at cn.jbolt.htmltowxml4j.core.HtmlToJson.processMutilTextNode(HtmlToJson.java:301)
	at cn.jbolt.htmltowxml4j.core.HtmlToJson.processPreLi(HtmlToJson.java:281)
	at cn.jbolt.htmltowxml4j.core.HtmlToJson.processPreOl(HtmlToJson.java:255)
	at cn.jbolt.htmltowxml4j.core.HtmlToJson.processTagPre(HtmlToJson.java:240)
	at cn.jbolt.htmltowxml4j.core.HtmlToJson.convertNodeToJsonObject(HtmlToJson.java:101)
	at cn.jbolt.htmltowxml4j.core.HtmlToJson.get(HtmlToJson.java:72)
	at cn.jbolt.htmltowxml4j.api.IndexController.index(IndexController.java:49)
	at sun.reflect.NativeMethodAccessorImpl.invoke0(Native Method)
	at sun.reflect.NativeMethodAccessorImpl.invoke(NativeMethodAccessorImpl.java:57)
	at sun.reflect.DelegatingMethodAccessorImpl.invoke(DelegatingMethodAccessorImpl.java:43)
	at java.lang.reflect.Method.invoke(Method.java:606)
	at com.jfinal.aop.Invocation.invoke(Invocation.java:73)
	at com.jfinal.core.ActionHandler.handle(ActionHandler.java:78)
	at com.jfinal.core.JFinalFilter.doFilter(JFinalFilter.java:73)
	at org.eclipse.jetty.servlet.ServletHandler$CachedChain.doFilter(ServletHandler.java:1307)
	at org.eclipse.jetty.servlet.ServletHandler.doHandle(ServletHandler.java:453)
	at org.eclipse.jetty.server.handler.ScopedHandler.handle(ScopedHandler.java:137)
	at org.eclipse.jetty.security.SecurityHandler.handle(SecurityHandler.java:560)
	at org.eclipse.jetty.server.session.SessionHandler.doHandle(SessionHandler.java:231)
	at org.eclipse.jetty.server.handler.ContextHandler.doHandle(ContextHandler.java:1072)
	at org.eclipse.jetty.servlet.ServletHandler.doScope(ServletHandler.java:382)
	at org.eclipse.jetty.server.session.SessionHandler.doScope(SessionHandler.java:193)
	at org.eclipse.jetty.server.handler.ContextHandler.doScope(ContextHandler.java:1006)
	at org.eclipse.jetty.server.handler.ScopedHandler.handle(ScopedHandler.java:135)
	at org.eclipse.jetty.server.handler.HandlerWrapper.handle(HandlerWrapper.java:116)
	at org.eclipse.jetty.server.Server.handle(Server.java:365)
	at org.eclipse.jetty.server.AbstractHttpConnection.handleRequest(AbstractHttpConnection.java:485)
	at org.eclipse.jetty.server.AbstractHttpConnection.content(AbstractHttpConnection.java:937)
	at org.eclipse.jetty.server.AbstractHttpConnection$RequestHandler.content(AbstractHttpConnection.java:998)
	at org.eclipse.jetty.http.HttpParser.parseNext(HttpParser.java:856)
	at org.eclipse.jetty.http.HttpParser.parseAvailable(HttpParser.java:240)
	at org.eclipse.jetty.server.AsyncHttpConnection.handle(AsyncHttpConnection.java:82)
	at org.eclipse.jetty.io.nio.SelectChannelEndPoint.handle(SelectChannelEndPoint.java:628)
	at org.eclipse.jetty.io.nio.SelectChannelEndPoint$1.run(SelectChannelEndPoint.java:52)
	at org.eclipse.jetty.util.thread.QueuedThreadPool.runJob(QueuedThreadPool.java:608)
	at org.eclipse.jetty.util.thread.QueuedThreadPool$3.run(QueuedThreadPool.java:543)
	at java.lang.Thread.run(Thread.java:744)

2018-08-08 02:06:38
[ERROR]-[Thread: qtp30489209-18]-[com.jfinal.core.ActionHandler.handle()]: /
java.lang.ClassCastException: org.jsoup.nodes.TextNode cannot be cast to org.jsoup.nodes.Element
	at cn.jbolt.htmltowxml4j.core.HtmlToJson.convertNodeToJsonObject(HtmlToJson.java:94)
	at cn.jbolt.htmltowxml4j.core.HtmlToJson.processChildNodes(HtmlToJson.java:383)
	at cn.jbolt.htmltowxml4j.core.HtmlToJson.convertNodeToJsonObject(HtmlToJson.java:111)
	at cn.jbolt.htmltowxml4j.core.HtmlToJson.processChildNodes(HtmlToJson.java:383)
	at cn.jbolt.htmltowxml4j.core.HtmlToJson.convertNodeToJsonObject(HtmlToJson.java:111)
	at cn.jbolt.htmltowxml4j.core.HtmlToJson.processPreLi(HtmlToJson.java:283)
	at cn.jbolt.htmltowxml4j.core.HtmlToJson.processPreOl(HtmlToJson.java:255)
	at cn.jbolt.htmltowxml4j.core.HtmlToJson.processTagPre(HtmlToJson.java:240)
	at cn.jbolt.htmltowxml4j.core.HtmlToJson.convertNodeToJsonObject(HtmlToJson.java:101)
	at cn.jbolt.htmltowxml4j.core.HtmlToJson.processChildNodes(HtmlToJson.java:383)
	at cn.jbolt.htmltowxml4j.core.HtmlToJson.convertNodeToJsonObject(HtmlToJson.java:111)
	at cn.jbolt.htmltowxml4j.core.HtmlToJson.get(HtmlToJson.java:72)
	at cn.jbolt.htmltowxml4j.api.IndexController.index(IndexController.java:49)
	at sun.reflect.NativeMethodAccessorImpl.invoke0(Native Method)
	at sun.reflect.NativeMethodAccessorImpl.invoke(NativeMethodAccessorImpl.java:57)
	at sun.reflect.DelegatingMethodAccessorImpl.invoke(DelegatingMethodAccessorImpl.java:43)
	at java.lang.reflect.Method.invoke(Method.java:606)
	at com.jfinal.aop.Invocation.invoke(Invocation.java:73)
	at com.jfinal.core.ActionHandler.handle(ActionHandler.java:78)
	at com.jfinal.core.JFinalFilter.doFilter(JFinalFilter.java:73)
	at org.eclipse.jetty.servlet.ServletHandler$CachedChain.doFilter(ServletHandler.java:1307)
	at org.eclipse.jetty.servlet.ServletHandler.doHandle(ServletHandler.java:453)
	at org.eclipse.jetty.server.handler.ScopedHandler.handle(ScopedHandler.java:137)
	at org.eclipse.jetty.security.SecurityHandler.handle(SecurityHandler.java:560)
	at org.eclipse.jetty.server.session.SessionHandler.doHandle(SessionHandler.java:231)
	at org.eclipse.jetty.server.handler.ContextHandler.doHandle(ContextHandler.java:1072)
	at org.eclipse.jetty.servlet.ServletHandler.doScope(ServletHandler.java:382)
	at org.eclipse.jetty.server.session.SessionHandler.doScope(SessionHandler.java:193)
	at org.eclipse.jetty.server.handler.ContextHandler.doScope(ContextHandler.java:1006)
	at org.eclipse.jetty.server.handler.ScopedHandler.handle(ScopedHandler.java:135)
	at org.eclipse.jetty.server.handler.HandlerWrapper.handle(HandlerWrapper.java:116)
	at org.eclipse.jetty.server.Server.handle(Server.java:365)
	at org.eclipse.jetty.server.AbstractHttpConnection.handleRequest(AbstractHttpConnection.java:485)
	at org.eclipse.jetty.server.AbstractHttpConnection.content(AbstractHttpConnection.java:937)
	at org.eclipse.jetty.server.AbstractHttpConnection$RequestHandler.content(AbstractHttpConnection.java:998)
	at org.eclipse.jetty.http.HttpParser.parseNext(HttpParser.java:856)
	at org.eclipse.jetty.http.HttpParser.parseAvailable(HttpParser.java:240)
	at org.eclipse.jetty.server.AsyncHttpConnection.handle(AsyncHttpConnection.java:82)
	at org.eclipse.jetty.io.nio.SelectChannelEndPoint.handle(SelectChannelEndPoint.java:628)
	at org.eclipse.jetty.io.nio.SelectChannelEndPoint$1.run(SelectChannelEndPoint.java:52)
	at org.eclipse.jetty.util.thread.QueuedThreadPool.runJob(QueuedThreadPool.java:608)
	at org.eclipse.jetty.util.thread.QueuedThreadPool$3.run(QueuedThreadPool.java:543)
	at java.lang.Thread.run(Thread.java:744)

2018-08-08 02:09:53
[ERROR]-[Thread: qtp30489209-18]-[com.jfinal.core.ActionHandler.handle()]: /
java.util.regex.PatternSyntaxException: Illegal repetition
{
	at java.util.regex.Pattern.error(Pattern.java:1924)
	at java.util.regex.Pattern.closure(Pattern.java:3104)
	at java.util.regex.Pattern.sequence(Pattern.java:2101)
	at java.util.regex.Pattern.expr(Pattern.java:1964)
	at java.util.regex.Pattern.compile(Pattern.java:1665)
	at java.util.regex.Pattern.<init>(Pattern.java:1337)
	at java.util.regex.Pattern.compile(Pattern.java:1022)
	at java.lang.String.split(String.java:2313)
	at java.lang.String.split(String.java:2355)
	at cn.jbolt.htmltowxml4j.core.HtmlToJson.processMutilTextNode(HtmlToJson.java:303)
	at cn.jbolt.htmltowxml4j.core.HtmlToJson.processPreLi(HtmlToJson.java:283)
	at cn.jbolt.htmltowxml4j.core.HtmlToJson.processPreOl(HtmlToJson.java:257)
	at cn.jbolt.htmltowxml4j.core.HtmlToJson.processTagPre(HtmlToJson.java:242)
	at cn.jbolt.htmltowxml4j.core.HtmlToJson.convertNodeToJsonObject(HtmlToJson.java:103)
	at cn.jbolt.htmltowxml4j.core.HtmlToJson.processChildNodes(HtmlToJson.java:385)
	at cn.jbolt.htmltowxml4j.core.HtmlToJson.convertNodeToJsonObject(HtmlToJson.java:113)
	at cn.jbolt.htmltowxml4j.core.HtmlToJson.get(HtmlToJson.java:72)
	at cn.jbolt.htmltowxml4j.api.IndexController.index(IndexController.java:49)
	at sun.reflect.NativeMethodAccessorImpl.invoke0(Native Method)
	at sun.reflect.NativeMethodAccessorImpl.invoke(NativeMethodAccessorImpl.java:57)
	at sun.reflect.DelegatingMethodAccessorImpl.invoke(DelegatingMethodAccessorImpl.java:43)
	at java.lang.reflect.Method.invoke(Method.java:606)
	at com.jfinal.aop.Invocation.invoke(Invocation.java:73)
	at com.jfinal.core.ActionHandler.handle(ActionHandler.java:78)
	at com.jfinal.core.JFinalFilter.doFilter(JFinalFilter.java:73)
	at org.eclipse.jetty.servlet.ServletHandler$CachedChain.doFilter(ServletHandler.java:1307)
	at org.eclipse.jetty.servlet.ServletHandler.doHandle(ServletHandler.java:453)
	at org.eclipse.jetty.server.handler.ScopedHandler.handle(ScopedHandler.java:137)
	at org.eclipse.jetty.security.SecurityHandler.handle(SecurityHandler.java:560)
	at org.eclipse.jetty.server.session.SessionHandler.doHandle(SessionHandler.java:231)
	at org.eclipse.jetty.server.handler.ContextHandler.doHandle(ContextHandler.java:1072)
	at org.eclipse.jetty.servlet.ServletHandler.doScope(ServletHandler.java:382)
	at org.eclipse.jetty.server.session.SessionHandler.doScope(SessionHandler.java:193)
	at org.eclipse.jetty.server.handler.ContextHandler.doScope(ContextHandler.java:1006)
	at org.eclipse.jetty.server.handler.ScopedHandler.handle(ScopedHandler.java:135)
	at org.eclipse.jetty.server.handler.HandlerWrapper.handle(HandlerWrapper.java:116)
	at org.eclipse.jetty.server.Server.handle(Server.java:365)
	at org.eclipse.jetty.server.AbstractHttpConnection.handleRequest(AbstractHttpConnection.java:485)
	at org.eclipse.jetty.server.AbstractHttpConnection.content(AbstractHttpConnection.java:937)
	at org.eclipse.jetty.server.AbstractHttpConnection$RequestHandler.content(AbstractHttpConnection.java:998)
	at org.eclipse.jetty.http.HttpParser.parseNext(HttpParser.java:856)
	at org.eclipse.jetty.http.HttpParser.parseAvailable(HttpParser.java:240)
	at org.eclipse.jetty.server.AsyncHttpConnection.handle(AsyncHttpConnection.java:82)
	at org.eclipse.jetty.io.nio.SelectChannelEndPoint.handle(SelectChannelEndPoint.java:628)
	at org.eclipse.jetty.io.nio.SelectChannelEndPoint$1.run(SelectChannelEndPoint.java:52)
	at org.eclipse.jetty.util.thread.QueuedThreadPool.runJob(QueuedThreadPool.java:608)
	at org.eclipse.jetty.util.thread.QueuedThreadPool$3.run(QueuedThreadPool.java:543)
	at java.lang.Thread.run(Thread.java:744)

2018-08-08 02:11:07
[ERROR]-[Thread: qtp30489209-19]-[com.jfinal.core.ActionHandler.handle()]: /
java.util.regex.PatternSyntaxException: Unclosed group near index 7
\alert(
       ^
	at java.util.regex.Pattern.error(Pattern.java:1924)
	at java.util.regex.Pattern.accept(Pattern.java:1782)
	at java.util.regex.Pattern.group0(Pattern.java:2857)
	at java.util.regex.Pattern.sequence(Pattern.java:2018)
	at java.util.regex.Pattern.expr(Pattern.java:1964)
	at java.util.regex.Pattern.compile(Pattern.java:1665)
	at java.util.regex.Pattern.<init>(Pattern.java:1337)
	at java.util.regex.Pattern.compile(Pattern.java:1022)
	at java.lang.String.split(String.java:2313)
	at java.lang.String.split(String.java:2355)
	at cn.jbolt.htmltowxml4j.core.HtmlToJson.processMutilTextNode(HtmlToJson.java:303)
	at cn.jbolt.htmltowxml4j.core.HtmlToJson.processPreLi(HtmlToJson.java:283)
	at cn.jbolt.htmltowxml4j.core.HtmlToJson.processPreOl(HtmlToJson.java:257)
	at cn.jbolt.htmltowxml4j.core.HtmlToJson.processTagPre(HtmlToJson.java:242)
	at cn.jbolt.htmltowxml4j.core.HtmlToJson.convertNodeToJsonObject(HtmlToJson.java:103)
	at cn.jbolt.htmltowxml4j.core.HtmlToJson.processChildNodes(HtmlToJson.java:385)
	at cn.jbolt.htmltowxml4j.core.HtmlToJson.convertNodeToJsonObject(HtmlToJson.java:113)
	at cn.jbolt.htmltowxml4j.core.HtmlToJson.get(HtmlToJson.java:72)
	at cn.jbolt.htmltowxml4j.api.IndexController.index(IndexController.java:49)
	at sun.reflect.NativeMethodAccessorImpl.invoke0(Native Method)
	at sun.reflect.NativeMethodAccessorImpl.invoke(NativeMethodAccessorImpl.java:57)
	at sun.reflect.DelegatingMethodAccessorImpl.invoke(DelegatingMethodAccessorImpl.java:43)
	at java.lang.reflect.Method.invoke(Method.java:606)
	at com.jfinal.aop.Invocation.invoke(Invocation.java:73)
	at com.jfinal.core.ActionHandler.handle(ActionHandler.java:78)
	at com.jfinal.core.JFinalFilter.doFilter(JFinalFilter.java:73)
	at org.eclipse.jetty.servlet.ServletHandler$CachedChain.doFilter(ServletHandler.java:1307)
	at org.eclipse.jetty.servlet.ServletHandler.doHandle(ServletHandler.java:453)
	at org.eclipse.jetty.server.handler.ScopedHandler.handle(ScopedHandler.java:137)
	at org.eclipse.jetty.security.SecurityHandler.handle(SecurityHandler.java:560)
	at org.eclipse.jetty.server.session.SessionHandler.doHandle(SessionHandler.java:231)
	at org.eclipse.jetty.server.handler.ContextHandler.doHandle(ContextHandler.java:1072)
	at org.eclipse.jetty.servlet.ServletHandler.doScope(ServletHandler.java:382)
	at org.eclipse.jetty.server.session.SessionHandler.doScope(SessionHandler.java:193)
	at org.eclipse.jetty.server.handler.ContextHandler.doScope(ContextHandler.java:1006)
	at org.eclipse.jetty.server.handler.ScopedHandler.handle(ScopedHandler.java:135)
	at org.eclipse.jetty.server.handler.HandlerWrapper.handle(HandlerWrapper.java:116)
	at org.eclipse.jetty.server.Server.handle(Server.java:365)
	at org.eclipse.jetty.server.AbstractHttpConnection.handleRequest(AbstractHttpConnection.java:485)
	at org.eclipse.jetty.server.AbstractHttpConnection.content(AbstractHttpConnection.java:937)
	at org.eclipse.jetty.server.AbstractHttpConnection$RequestHandler.content(AbstractHttpConnection.java:998)
	at org.eclipse.jetty.http.HttpParser.parseNext(HttpParser.java:856)
	at org.eclipse.jetty.http.HttpParser.parseAvailable(HttpParser.java:240)
	at org.eclipse.jetty.server.AsyncHttpConnection.handle(AsyncHttpConnection.java:82)
	at org.eclipse.jetty.io.nio.SelectChannelEndPoint.handle(SelectChannelEndPoint.java:628)
	at org.eclipse.jetty.io.nio.SelectChannelEndPoint$1.run(SelectChannelEndPoint.java:52)
	at org.eclipse.jetty.util.thread.QueuedThreadPool.runJob(QueuedThreadPool.java:608)
	at org.eclipse.jetty.util.thread.QueuedThreadPool$3.run(QueuedThreadPool.java:543)
	at java.lang.Thread.run(Thread.java:744)

2018-08-08 02:12:53
[ERROR]-[Thread: qtp30489209-17]-[com.jfinal.core.ActionHandler.handle()]: /
java.util.regex.PatternSyntaxException: Illegal repetition
{
	at java.util.regex.Pattern.error(Pattern.java:1924)
	at java.util.regex.Pattern.closure(Pattern.java:3104)
	at java.util.regex.Pattern.sequence(Pattern.java:2101)
	at java.util.regex.Pattern.expr(Pattern.java:1964)
	at java.util.regex.Pattern.compile(Pattern.java:1665)
	at java.util.regex.Pattern.<init>(Pattern.java:1337)
	at java.util.regex.Pattern.compile(Pattern.java:1022)
	at java.lang.String.split(String.java:2313)
	at java.lang.String.split(String.java:2355)
	at cn.jbolt.htmltowxml4j.core.HtmlToJson.processMutilTextNode(HtmlToJson.java:303)
	at cn.jbolt.htmltowxml4j.core.HtmlToJson.processPreLi(HtmlToJson.java:283)
	at cn.jbolt.htmltowxml4j.core.HtmlToJson.processPreOl(HtmlToJson.java:257)
	at cn.jbolt.htmltowxml4j.core.HtmlToJson.processTagPre(HtmlToJson.java:242)
	at cn.jbolt.htmltowxml4j.core.HtmlToJson.convertNodeToJsonObject(HtmlToJson.java:103)
	at cn.jbolt.htmltowxml4j.core.HtmlToJson.processChildNodes(HtmlToJson.java:385)
	at cn.jbolt.htmltowxml4j.core.HtmlToJson.convertNodeToJsonObject(HtmlToJson.java:113)
	at cn.jbolt.htmltowxml4j.core.HtmlToJson.get(HtmlToJson.java:72)
	at cn.jbolt.htmltowxml4j.api.IndexController.index(IndexController.java:49)
	at sun.reflect.NativeMethodAccessorImpl.invoke0(Native Method)
	at sun.reflect.NativeMethodAccessorImpl.invoke(NativeMethodAccessorImpl.java:57)
	at sun.reflect.DelegatingMethodAccessorImpl.invoke(DelegatingMethodAccessorImpl.java:43)
	at java.lang.reflect.Method.invoke(Method.java:606)
	at com.jfinal.aop.Invocation.invoke(Invocation.java:73)
	at com.jfinal.core.ActionHandler.handle(ActionHandler.java:78)
	at com.jfinal.core.JFinalFilter.doFilter(JFinalFilter.java:73)
	at org.eclipse.jetty.servlet.ServletHandler$CachedChain.doFilter(ServletHandler.java:1307)
	at org.eclipse.jetty.servlet.ServletHandler.doHandle(ServletHandler.java:453)
	at org.eclipse.jetty.server.handler.ScopedHandler.handle(ScopedHandler.java:137)
	at org.eclipse.jetty.security.SecurityHandler.handle(SecurityHandler.java:560)
	at org.eclipse.jetty.server.session.SessionHandler.doHandle(SessionHandler.java:231)
	at org.eclipse.jetty.server.handler.ContextHandler.doHandle(ContextHandler.java:1072)
	at org.eclipse.jetty.servlet.ServletHandler.doScope(ServletHandler.java:382)
	at org.eclipse.jetty.server.session.SessionHandler.doScope(SessionHandler.java:193)
	at org.eclipse.jetty.server.handler.ContextHandler.doScope(ContextHandler.java:1006)
	at org.eclipse.jetty.server.handler.ScopedHandler.handle(ScopedHandler.java:135)
	at org.eclipse.jetty.server.handler.HandlerWrapper.handle(HandlerWrapper.java:116)
	at org.eclipse.jetty.server.Server.handle(Server.java:365)
	at org.eclipse.jetty.server.AbstractHttpConnection.handleRequest(AbstractHttpConnection.java:485)
	at org.eclipse.jetty.server.AbstractHttpConnection.content(AbstractHttpConnection.java:937)
	at org.eclipse.jetty.server.AbstractHttpConnection$RequestHandler.content(AbstractHttpConnection.java:998)
	at org.eclipse.jetty.http.HttpParser.parseNext(HttpParser.java:856)
	at org.eclipse.jetty.http.HttpParser.parseAvailable(HttpParser.java:240)
	at org.eclipse.jetty.server.AsyncHttpConnection.handle(AsyncHttpConnection.java:82)
	at org.eclipse.jetty.io.nio.SelectChannelEndPoint.handle(SelectChannelEndPoint.java:628)
	at org.eclipse.jetty.io.nio.SelectChannelEndPoint$1.run(SelectChannelEndPoint.java:52)
	at org.eclipse.jetty.util.thread.QueuedThreadPool.runJob(QueuedThreadPool.java:608)
	at org.eclipse.jetty.util.thread.QueuedThreadPool$3.run(QueuedThreadPool.java:543)
	at java.lang.Thread.run(Thread.java:744)

2018-08-08 02:13:22
[ERROR]-[Thread: qtp30489209-17]-[com.jfinal.core.ActionHandler.handle()]: /
java.util.regex.PatternSyntaxException: Illegal repetition
{
	at java.util.regex.Pattern.error(Pattern.java:1924)
	at java.util.regex.Pattern.closure(Pattern.java:3104)
	at java.util.regex.Pattern.sequence(Pattern.java:2101)
	at java.util.regex.Pattern.expr(Pattern.java:1964)
	at java.util.regex.Pattern.compile(Pattern.java:1665)
	at java.util.regex.Pattern.<init>(Pattern.java:1337)
	at java.util.regex.Pattern.compile(Pattern.java:1022)
	at java.lang.String.split(String.java:2313)
	at java.lang.String.split(String.java:2355)
	at cn.jbolt.htmltowxml4j.core.HtmlToJson.processMutilTextNode(HtmlToJson.java:303)
	at cn.jbolt.htmltowxml4j.core.HtmlToJson.processPreLi(HtmlToJson.java:283)
	at cn.jbolt.htmltowxml4j.core.HtmlToJson.processPreOl(HtmlToJson.java:257)
	at cn.jbolt.htmltowxml4j.core.HtmlToJson.processTagPre(HtmlToJson.java:242)
	at cn.jbolt.htmltowxml4j.core.HtmlToJson.convertNodeToJsonObject(HtmlToJson.java:103)
	at cn.jbolt.htmltowxml4j.core.HtmlToJson.processChildNodes(HtmlToJson.java:385)
	at cn.jbolt.htmltowxml4j.core.HtmlToJson.convertNodeToJsonObject(HtmlToJson.java:113)
	at cn.jbolt.htmltowxml4j.core.HtmlToJson.get(HtmlToJson.java:72)
	at cn.jbolt.htmltowxml4j.api.IndexController.index(IndexController.java:49)
	at sun.reflect.NativeMethodAccessorImpl.invoke0(Native Method)
	at sun.reflect.NativeMethodAccessorImpl.invoke(NativeMethodAccessorImpl.java:57)
	at sun.reflect.DelegatingMethodAccessorImpl.invoke(DelegatingMethodAccessorImpl.java:43)
	at java.lang.reflect.Method.invoke(Method.java:606)
	at com.jfinal.aop.Invocation.invoke(Invocation.java:73)
	at com.jfinal.core.ActionHandler.handle(ActionHandler.java:78)
	at com.jfinal.core.JFinalFilter.doFilter(JFinalFilter.java:73)
	at org.eclipse.jetty.servlet.ServletHandler$CachedChain.doFilter(ServletHandler.java:1307)
	at org.eclipse.jetty.servlet.ServletHandler.doHandle(ServletHandler.java:453)
	at org.eclipse.jetty.server.handler.ScopedHandler.handle(ScopedHandler.java:137)
	at org.eclipse.jetty.security.SecurityHandler.handle(SecurityHandler.java:560)
	at org.eclipse.jetty.server.session.SessionHandler.doHandle(SessionHandler.java:231)
	at org.eclipse.jetty.server.handler.ContextHandler.doHandle(ContextHandler.java:1072)
	at org.eclipse.jetty.servlet.ServletHandler.doScope(ServletHandler.java:382)
	at org.eclipse.jetty.server.session.SessionHandler.doScope(SessionHandler.java:193)
	at org.eclipse.jetty.server.handler.ContextHandler.doScope(ContextHandler.java:1006)
	at org.eclipse.jetty.server.handler.ScopedHandler.handle(ScopedHandler.java:135)
	at org.eclipse.jetty.server.handler.HandlerWrapper.handle(HandlerWrapper.java:116)
	at org.eclipse.jetty.server.Server.handle(Server.java:365)
	at org.eclipse.jetty.server.AbstractHttpConnection.handleRequest(AbstractHttpConnection.java:485)
	at org.eclipse.jetty.server.AbstractHttpConnection.content(AbstractHttpConnection.java:937)
	at org.eclipse.jetty.server.AbstractHttpConnection$RequestHandler.content(AbstractHttpConnection.java:998)
	at org.eclipse.jetty.http.HttpParser.parseNext(HttpParser.java:856)
	at org.eclipse.jetty.http.HttpParser.parseAvailable(HttpParser.java:240)
	at org.eclipse.jetty.server.AsyncHttpConnection.handle(AsyncHttpConnection.java:82)
	at org.eclipse.jetty.io.nio.SelectChannelEndPoint.handle(SelectChannelEndPoint.java:628)
	at org.eclipse.jetty.io.nio.SelectChannelEndPoint$1.run(SelectChannelEndPoint.java:52)
	at org.eclipse.jetty.util.thread.QueuedThreadPool.runJob(QueuedThreadPool.java:608)
	at org.eclipse.jetty.util.thread.QueuedThreadPool$3.run(QueuedThreadPool.java:543)
	at java.lang.Thread.run(Thread.java:744)

2018-08-08 02:14:57
[ERROR]-[Thread: qtp30489209-19]-[com.jfinal.core.ActionHandler.handle()]: /
java.util.regex.PatternSyntaxException: Unclosed group near index 7
\alert(
       ^
	at java.util.regex.Pattern.error(Pattern.java:1924)
	at java.util.regex.Pattern.accept(Pattern.java:1782)
	at java.util.regex.Pattern.group0(Pattern.java:2857)
	at java.util.regex.Pattern.sequence(Pattern.java:2018)
	at java.util.regex.Pattern.expr(Pattern.java:1964)
	at java.util.regex.Pattern.compile(Pattern.java:1665)
	at java.util.regex.Pattern.<init>(Pattern.java:1337)
	at java.util.regex.Pattern.compile(Pattern.java:1022)
	at java.lang.String.split(String.java:2313)
	at java.lang.String.split(String.java:2355)
	at cn.jbolt.htmltowxml4j.core.HtmlToJson.processMutilTextNode(HtmlToJson.java:303)
	at cn.jbolt.htmltowxml4j.core.HtmlToJson.processPreLi(HtmlToJson.java:283)
	at cn.jbolt.htmltowxml4j.core.HtmlToJson.processPreOl(HtmlToJson.java:257)
	at cn.jbolt.htmltowxml4j.core.HtmlToJson.processTagPre(HtmlToJson.java:242)
	at cn.jbolt.htmltowxml4j.core.HtmlToJson.convertNodeToJsonObject(HtmlToJson.java:103)
	at cn.jbolt.htmltowxml4j.core.HtmlToJson.processChildNodes(HtmlToJson.java:385)
	at cn.jbolt.htmltowxml4j.core.HtmlToJson.convertNodeToJsonObject(HtmlToJson.java:113)
	at cn.jbolt.htmltowxml4j.core.HtmlToJson.get(HtmlToJson.java:72)
	at cn.jbolt.htmltowxml4j.api.IndexController.index(IndexController.java:49)
	at sun.reflect.NativeMethodAccessorImpl.invoke0(Native Method)
	at sun.reflect.NativeMethodAccessorImpl.invoke(NativeMethodAccessorImpl.java:57)
	at sun.reflect.DelegatingMethodAccessorImpl.invoke(DelegatingMethodAccessorImpl.java:43)
	at java.lang.reflect.Method.invoke(Method.java:606)
	at com.jfinal.aop.Invocation.invoke(Invocation.java:73)
	at com.jfinal.core.ActionHandler.handle(ActionHandler.java:78)
	at com.jfinal.core.JFinalFilter.doFilter(JFinalFilter.java:73)
	at org.eclipse.jetty.servlet.ServletHandler$CachedChain.doFilter(ServletHandler.java:1307)
	at org.eclipse.jetty.servlet.ServletHandler.doHandle(ServletHandler.java:453)
	at org.eclipse.jetty.server.handler.ScopedHandler.handle(ScopedHandler.java:137)
	at org.eclipse.jetty.security.SecurityHandler.handle(SecurityHandler.java:560)
	at org.eclipse.jetty.server.session.SessionHandler.doHandle(SessionHandler.java:231)
	at org.eclipse.jetty.server.handler.ContextHandler.doHandle(ContextHandler.java:1072)
	at org.eclipse.jetty.servlet.ServletHandler.doScope(ServletHandler.java:382)
	at org.eclipse.jetty.server.session.SessionHandler.doScope(SessionHandler.java:193)
	at org.eclipse.jetty.server.handler.ContextHandler.doScope(ContextHandler.java:1006)
	at org.eclipse.jetty.server.handler.ScopedHandler.handle(ScopedHandler.java:135)
	at org.eclipse.jetty.server.handler.HandlerWrapper.handle(HandlerWrapper.java:116)
	at org.eclipse.jetty.server.Server.handle(Server.java:365)
	at org.eclipse.jetty.server.AbstractHttpConnection.handleRequest(AbstractHttpConnection.java:485)
	at org.eclipse.jetty.server.AbstractHttpConnection.content(AbstractHttpConnection.java:937)
	at org.eclipse.jetty.server.AbstractHttpConnection$RequestHandler.content(AbstractHttpConnection.java:998)
	at org.eclipse.jetty.http.HttpParser.parseNext(HttpParser.java:856)
	at org.eclipse.jetty.http.HttpParser.parseAvailable(HttpParser.java:240)
	at org.eclipse.jetty.server.AsyncHttpConnection.handle(AsyncHttpConnection.java:82)
	at org.eclipse.jetty.io.nio.SelectChannelEndPoint.handle(SelectChannelEndPoint.java:628)
	at org.eclipse.jetty.io.nio.SelectChannelEndPoint$1.run(SelectChannelEndPoint.java:52)
	at org.eclipse.jetty.util.thread.QueuedThreadPool.runJob(QueuedThreadPool.java:608)
	at org.eclipse.jetty.util.thread.QueuedThreadPool$3.run(QueuedThreadPool.java:543)
	at java.lang.Thread.run(Thread.java:744)

2018-08-08 02:14:59
[ERROR]-[Thread: qtp30489209-16]-[com.jfinal.core.ActionHandler.handle()]: /
java.util.regex.PatternSyntaxException: Unclosed group near index 7
\alert(
       ^
	at java.util.regex.Pattern.error(Pattern.java:1924)
	at java.util.regex.Pattern.accept(Pattern.java:1782)
	at java.util.regex.Pattern.group0(Pattern.java:2857)
	at java.util.regex.Pattern.sequence(Pattern.java:2018)
	at java.util.regex.Pattern.expr(Pattern.java:1964)
	at java.util.regex.Pattern.compile(Pattern.java:1665)
	at java.util.regex.Pattern.<init>(Pattern.java:1337)
	at java.util.regex.Pattern.compile(Pattern.java:1022)
	at java.lang.String.split(String.java:2313)
	at java.lang.String.split(String.java:2355)
	at cn.jbolt.htmltowxml4j.core.HtmlToJson.processMutilTextNode(HtmlToJson.java:303)
	at cn.jbolt.htmltowxml4j.core.HtmlToJson.processPreLi(HtmlToJson.java:283)
	at cn.jbolt.htmltowxml4j.core.HtmlToJson.processPreOl(HtmlToJson.java:257)
	at cn.jbolt.htmltowxml4j.core.HtmlToJson.processTagPre(HtmlToJson.java:242)
	at cn.jbolt.htmltowxml4j.core.HtmlToJson.convertNodeToJsonObject(HtmlToJson.java:103)
	at cn.jbolt.htmltowxml4j.core.HtmlToJson.processChildNodes(HtmlToJson.java:385)
	at cn.jbolt.htmltowxml4j.core.HtmlToJson.convertNodeToJsonObject(HtmlToJson.java:113)
	at cn.jbolt.htmltowxml4j.core.HtmlToJson.get(HtmlToJson.java:72)
	at cn.jbolt.htmltowxml4j.api.IndexController.index(IndexController.java:49)
	at sun.reflect.NativeMethodAccessorImpl.invoke0(Native Method)
	at sun.reflect.NativeMethodAccessorImpl.invoke(NativeMethodAccessorImpl.java:57)
	at sun.reflect.DelegatingMethodAccessorImpl.invoke(DelegatingMethodAccessorImpl.java:43)
	at java.lang.reflect.Method.invoke(Method.java:606)
	at com.jfinal.aop.Invocation.invoke(Invocation.java:73)
	at com.jfinal.core.ActionHandler.handle(ActionHandler.java:78)
	at com.jfinal.core.JFinalFilter.doFilter(JFinalFilter.java:73)
	at org.eclipse.jetty.servlet.ServletHandler$CachedChain.doFilter(ServletHandler.java:1307)
	at org.eclipse.jetty.servlet.ServletHandler.doHandle(ServletHandler.java:453)
	at org.eclipse.jetty.server.handler.ScopedHandler.handle(ScopedHandler.java:137)
	at org.eclipse.jetty.security.SecurityHandler.handle(SecurityHandler.java:560)
	at org.eclipse.jetty.server.session.SessionHandler.doHandle(SessionHandler.java:231)
	at org.eclipse.jetty.server.handler.ContextHandler.doHandle(ContextHandler.java:1072)
	at org.eclipse.jetty.servlet.ServletHandler.doScope(ServletHandler.java:382)
	at org.eclipse.jetty.server.session.SessionHandler.doScope(SessionHandler.java:193)
	at org.eclipse.jetty.server.handler.ContextHandler.doScope(ContextHandler.java:1006)
	at org.eclipse.jetty.server.handler.ScopedHandler.handle(ScopedHandler.java:135)
	at org.eclipse.jetty.server.handler.HandlerWrapper.handle(HandlerWrapper.java:116)
	at org.eclipse.jetty.server.Server.handle(Server.java:365)
	at org.eclipse.jetty.server.AbstractHttpConnection.handleRequest(AbstractHttpConnection.java:485)
	at org.eclipse.jetty.server.AbstractHttpConnection.content(AbstractHttpConnection.java:937)
	at org.eclipse.jetty.server.AbstractHttpConnection$RequestHandler.content(AbstractHttpConnection.java:998)
	at org.eclipse.jetty.http.HttpParser.parseNext(HttpParser.java:856)
	at org.eclipse.jetty.http.HttpParser.parseAvailable(HttpParser.java:240)
	at org.eclipse.jetty.server.AsyncHttpConnection.handle(AsyncHttpConnection.java:82)
	at org.eclipse.jetty.io.nio.SelectChannelEndPoint.handle(SelectChannelEndPoint.java:628)
	at org.eclipse.jetty.io.nio.SelectChannelEndPoint$1.run(SelectChannelEndPoint.java:52)
	at org.eclipse.jetty.util.thread.QueuedThreadPool.runJob(QueuedThreadPool.java:608)
	at org.eclipse.jetty.util.thread.QueuedThreadPool$3.run(QueuedThreadPool.java:543)
	at java.lang.Thread.run(Thread.java:744)

2018-08-08 02:22:48
[ERROR]-[Thread: qtp30489209-19]-[com.jfinal.core.ActionHandler.handle()]: /
java.util.regex.PatternSyntaxException: Unclosed group near index 7
\alert(
       ^
	at java.util.regex.Pattern.error(Pattern.java:1924)
	at java.util.regex.Pattern.accept(Pattern.java:1782)
	at java.util.regex.Pattern.group0(Pattern.java:2857)
	at java.util.regex.Pattern.sequence(Pattern.java:2018)
	at java.util.regex.Pattern.expr(Pattern.java:1964)
	at java.util.regex.Pattern.compile(Pattern.java:1665)
	at java.util.regex.Pattern.<init>(Pattern.java:1337)
	at java.util.regex.Pattern.compile(Pattern.java:1022)
	at java.lang.String.split(String.java:2313)
	at java.lang.String.split(String.java:2355)
	at cn.jbolt.htmltowxml4j.core.HtmlToJson.processMutilTextNode(HtmlToJson.java:303)
	at cn.jbolt.htmltowxml4j.core.HtmlToJson.processPreLi(HtmlToJson.java:283)
	at cn.jbolt.htmltowxml4j.core.HtmlToJson.processPreOl(HtmlToJson.java:257)
	at cn.jbolt.htmltowxml4j.core.HtmlToJson.processTagPre(HtmlToJson.java:242)
	at cn.jbolt.htmltowxml4j.core.HtmlToJson.convertNodeToJsonObject(HtmlToJson.java:103)
	at cn.jbolt.htmltowxml4j.core.HtmlToJson.processChildNodes(HtmlToJson.java:385)
	at cn.jbolt.htmltowxml4j.core.HtmlToJson.convertNodeToJsonObject(HtmlToJson.java:113)
	at cn.jbolt.htmltowxml4j.core.HtmlToJson.get(HtmlToJson.java:72)
	at cn.jbolt.htmltowxml4j.api.IndexController.index(IndexController.java:49)
	at sun.reflect.NativeMethodAccessorImpl.invoke0(Native Method)
	at sun.reflect.NativeMethodAccessorImpl.invoke(NativeMethodAccessorImpl.java:57)
	at sun.reflect.DelegatingMethodAccessorImpl.invoke(DelegatingMethodAccessorImpl.java:43)
	at java.lang.reflect.Method.invoke(Method.java:606)
	at com.jfinal.aop.Invocation.invoke(Invocation.java:73)
	at com.jfinal.core.ActionHandler.handle(ActionHandler.java:78)
	at com.jfinal.core.JFinalFilter.doFilter(JFinalFilter.java:73)
	at org.eclipse.jetty.servlet.ServletHandler$CachedChain.doFilter(ServletHandler.java:1307)
	at org.eclipse.jetty.servlet.ServletHandler.doHandle(ServletHandler.java:453)
	at org.eclipse.jetty.server.handler.ScopedHandler.handle(ScopedHandler.java:137)
	at org.eclipse.jetty.security.SecurityHandler.handle(SecurityHandler.java:560)
	at org.eclipse.jetty.server.session.SessionHandler.doHandle(SessionHandler.java:231)
	at org.eclipse.jetty.server.handler.ContextHandler.doHandle(ContextHandler.java:1072)
	at org.eclipse.jetty.servlet.ServletHandler.doScope(ServletHandler.java:382)
	at org.eclipse.jetty.server.session.SessionHandler.doScope(SessionHandler.java:193)
	at org.eclipse.jetty.server.handler.ContextHandler.doScope(ContextHandler.java:1006)
	at org.eclipse.jetty.server.handler.ScopedHandler.handle(ScopedHandler.java:135)
	at org.eclipse.jetty.server.handler.HandlerWrapper.handle(HandlerWrapper.java:116)
	at org.eclipse.jetty.server.Server.handle(Server.java:365)
	at org.eclipse.jetty.server.AbstractHttpConnection.handleRequest(AbstractHttpConnection.java:485)
	at org.eclipse.jetty.server.AbstractHttpConnection.content(AbstractHttpConnection.java:937)
	at org.eclipse.jetty.server.AbstractHttpConnection$RequestHandler.content(AbstractHttpConnection.java:998)
	at org.eclipse.jetty.http.HttpParser.parseNext(HttpParser.java:856)
	at org.eclipse.jetty.http.HttpParser.parseAvailable(HttpParser.java:240)
	at org.eclipse.jetty.server.AsyncHttpConnection.handle(AsyncHttpConnection.java:82)
	at org.eclipse.jetty.io.nio.SelectChannelEndPoint.handle(SelectChannelEndPoint.java:628)
	at org.eclipse.jetty.io.nio.SelectChannelEndPoint$1.run(SelectChannelEndPoint.java:52)
	at org.eclipse.jetty.util.thread.QueuedThreadPool.runJob(QueuedThreadPool.java:608)
	at org.eclipse.jetty.util.thread.QueuedThreadPool$3.run(QueuedThreadPool.java:543)
	at java.lang.Thread.run(Thread.java:744)

2018-08-08 02:22:52
[ERROR]-[Thread: qtp30489209-15]-[com.jfinal.core.ActionHandler.handle()]: /
java.util.regex.PatternSyntaxException: Unclosed group near index 7
\alert(
       ^
	at java.util.regex.Pattern.error(Pattern.java:1924)
	at java.util.regex.Pattern.accept(Pattern.java:1782)
	at java.util.regex.Pattern.group0(Pattern.java:2857)
	at java.util.regex.Pattern.sequence(Pattern.java:2018)
	at java.util.regex.Pattern.expr(Pattern.java:1964)
	at java.util.regex.Pattern.compile(Pattern.java:1665)
	at java.util.regex.Pattern.<init>(Pattern.java:1337)
	at java.util.regex.Pattern.compile(Pattern.java:1022)
	at java.lang.String.split(String.java:2313)
	at java.lang.String.split(String.java:2355)
	at cn.jbolt.htmltowxml4j.core.HtmlToJson.processMutilTextNode(HtmlToJson.java:304)
	at cn.jbolt.htmltowxml4j.core.HtmlToJson.processPreLi(HtmlToJson.java:283)
	at cn.jbolt.htmltowxml4j.core.HtmlToJson.processPreOl(HtmlToJson.java:257)
	at cn.jbolt.htmltowxml4j.core.HtmlToJson.processTagPre(HtmlToJson.java:242)
	at cn.jbolt.htmltowxml4j.core.HtmlToJson.convertNodeToJsonObject(HtmlToJson.java:103)
	at cn.jbolt.htmltowxml4j.core.HtmlToJson.processChildNodes(HtmlToJson.java:386)
	at cn.jbolt.htmltowxml4j.core.HtmlToJson.convertNodeToJsonObject(HtmlToJson.java:113)
	at cn.jbolt.htmltowxml4j.core.HtmlToJson.get(HtmlToJson.java:72)
	at cn.jbolt.htmltowxml4j.api.IndexController.index(IndexController.java:49)
	at sun.reflect.NativeMethodAccessorImpl.invoke0(Native Method)
	at sun.reflect.NativeMethodAccessorImpl.invoke(NativeMethodAccessorImpl.java:57)
	at sun.reflect.DelegatingMethodAccessorImpl.invoke(DelegatingMethodAccessorImpl.java:43)
	at java.lang.reflect.Method.invoke(Method.java:606)
	at com.jfinal.aop.Invocation.invoke(Invocation.java:73)
	at com.jfinal.core.ActionHandler.handle(ActionHandler.java:78)
	at com.jfinal.core.JFinalFilter.doFilter(JFinalFilter.java:73)
	at org.eclipse.jetty.servlet.ServletHandler$CachedChain.doFilter(ServletHandler.java:1307)
	at org.eclipse.jetty.servlet.ServletHandler.doHandle(ServletHandler.java:453)
	at org.eclipse.jetty.server.handler.ScopedHandler.handle(ScopedHandler.java:137)
	at org.eclipse.jetty.security.SecurityHandler.handle(SecurityHandler.java:560)
	at org.eclipse.jetty.server.session.SessionHandler.doHandle(SessionHandler.java:231)
	at org.eclipse.jetty.server.handler.ContextHandler.doHandle(ContextHandler.java:1072)
	at org.eclipse.jetty.servlet.ServletHandler.doScope(ServletHandler.java:382)
	at org.eclipse.jetty.server.session.SessionHandler.doScope(SessionHandler.java:193)
	at org.eclipse.jetty.server.handler.ContextHandler.doScope(ContextHandler.java:1006)
	at org.eclipse.jetty.server.handler.ScopedHandler.handle(ScopedHandler.java:135)
	at org.eclipse.jetty.server.handler.HandlerWrapper.handle(HandlerWrapper.java:116)
	at org.eclipse.jetty.server.Server.handle(Server.java:365)
	at org.eclipse.jetty.server.AbstractHttpConnection.handleRequest(AbstractHttpConnection.java:485)
	at org.eclipse.jetty.server.AbstractHttpConnection.content(AbstractHttpConnection.java:937)
	at org.eclipse.jetty.server.AbstractHttpConnection$RequestHandler.content(AbstractHttpConnection.java:998)
	at org.eclipse.jetty.http.HttpParser.parseNext(HttpParser.java:856)
	at org.eclipse.jetty.http.HttpParser.parseAvailable(HttpParser.java:240)
	at org.eclipse.jetty.server.AsyncHttpConnection.handle(AsyncHttpConnection.java:82)
	at org.eclipse.jetty.io.nio.SelectChannelEndPoint.handle(SelectChannelEndPoint.java:628)
	at org.eclipse.jetty.io.nio.SelectChannelEndPoint$1.run(SelectChannelEndPoint.java:52)
	at org.eclipse.jetty.util.thread.QueuedThreadPool.runJob(QueuedThreadPool.java:608)
	at org.eclipse.jetty.util.thread.QueuedThreadPool$3.run(QueuedThreadPool.java:543)
	at java.lang.Thread.run(Thread.java:744)

2018-08-08 02:23:31
[ERROR]-[Thread: qtp30489209-15]-[com.jfinal.core.ActionHandler.handle()]: /
java.util.regex.PatternSyntaxException: Unclosed group near index 7
\alert(
       ^
	at java.util.regex.Pattern.error(Pattern.java:1924)
	at java.util.regex.Pattern.accept(Pattern.java:1782)
	at java.util.regex.Pattern.group0(Pattern.java:2857)
	at java.util.regex.Pattern.sequence(Pattern.java:2018)
	at java.util.regex.Pattern.expr(Pattern.java:1964)
	at java.util.regex.Pattern.compile(Pattern.java:1665)
	at java.util.regex.Pattern.<init>(Pattern.java:1337)
	at java.util.regex.Pattern.compile(Pattern.java:1022)
	at java.lang.String.split(String.java:2313)
	at java.lang.String.split(String.java:2355)
	at cn.jbolt.htmltowxml4j.core.HtmlToJson.processMutilTextNode(HtmlToJson.java:305)
	at cn.jbolt.htmltowxml4j.core.HtmlToJson.processPreLi(HtmlToJson.java:283)
	at cn.jbolt.htmltowxml4j.core.HtmlToJson.processPreOl(HtmlToJson.java:257)
	at cn.jbolt.htmltowxml4j.core.HtmlToJson.processTagPre(HtmlToJson.java:242)
	at cn.jbolt.htmltowxml4j.core.HtmlToJson.convertNodeToJsonObject(HtmlToJson.java:103)
	at cn.jbolt.htmltowxml4j.core.HtmlToJson.processChildNodes(HtmlToJson.java:387)
	at cn.jbolt.htmltowxml4j.core.HtmlToJson.convertNodeToJsonObject(HtmlToJson.java:113)
	at cn.jbolt.htmltowxml4j.core.HtmlToJson.get(HtmlToJson.java:72)
	at cn.jbolt.htmltowxml4j.api.IndexController.index(IndexController.java:49)
	at sun.reflect.NativeMethodAccessorImpl.invoke0(Native Method)
	at sun.reflect.NativeMethodAccessorImpl.invoke(NativeMethodAccessorImpl.java:57)
	at sun.reflect.DelegatingMethodAccessorImpl.invoke(DelegatingMethodAccessorImpl.java:43)
	at java.lang.reflect.Method.invoke(Method.java:606)
	at com.jfinal.aop.Invocation.invoke(Invocation.java:73)
	at com.jfinal.core.ActionHandler.handle(ActionHandler.java:78)
	at com.jfinal.core.JFinalFilter.doFilter(JFinalFilter.java:73)
	at org.eclipse.jetty.servlet.ServletHandler$CachedChain.doFilter(ServletHandler.java:1307)
	at org.eclipse.jetty.servlet.ServletHandler.doHandle(ServletHandler.java:453)
	at org.eclipse.jetty.server.handler.ScopedHandler.handle(ScopedHandler.java:137)
	at org.eclipse.jetty.security.SecurityHandler.handle(SecurityHandler.java:560)
	at org.eclipse.jetty.server.session.SessionHandler.doHandle(SessionHandler.java:231)
	at org.eclipse.jetty.server.handler.ContextHandler.doHandle(ContextHandler.java:1072)
	at org.eclipse.jetty.servlet.ServletHandler.doScope(ServletHandler.java:382)
	at org.eclipse.jetty.server.session.SessionHandler.doScope(SessionHandler.java:193)
	at org.eclipse.jetty.server.handler.ContextHandler.doScope(ContextHandler.java:1006)
	at org.eclipse.jetty.server.handler.ScopedHandler.handle(ScopedHandler.java:135)
	at org.eclipse.jetty.server.handler.HandlerWrapper.handle(HandlerWrapper.java:116)
	at org.eclipse.jetty.server.Server.handle(Server.java:365)
	at org.eclipse.jetty.server.AbstractHttpConnection.handleRequest(AbstractHttpConnection.java:485)
	at org.eclipse.jetty.server.AbstractHttpConnection.content(AbstractHttpConnection.java:937)
	at org.eclipse.jetty.server.AbstractHttpConnection$RequestHandler.content(AbstractHttpConnection.java:998)
	at org.eclipse.jetty.http.HttpParser.parseNext(HttpParser.java:856)
	at org.eclipse.jetty.http.HttpParser.parseAvailable(HttpParser.java:240)
	at org.eclipse.jetty.server.AsyncHttpConnection.handle(AsyncHttpConnection.java:82)
	at org.eclipse.jetty.io.nio.SelectChannelEndPoint.handle(SelectChannelEndPoint.java:628)
	at org.eclipse.jetty.io.nio.SelectChannelEndPoint$1.run(SelectChannelEndPoint.java:52)
	at org.eclipse.jetty.util.thread.QueuedThreadPool.runJob(QueuedThreadPool.java:608)
	at org.eclipse.jetty.util.thread.QueuedThreadPool$3.run(QueuedThreadPool.java:543)
	at java.lang.Thread.run(Thread.java:744)

2018-08-08 02:24:51
[ERROR]-[Thread: qtp30489209-19]-[com.jfinal.core.ActionHandler.handle()]: /
java.util.regex.PatternSyntaxException: Illegal repetition
{
	at java.util.regex.Pattern.error(Pattern.java:1924)
	at java.util.regex.Pattern.closure(Pattern.java:3104)
	at java.util.regex.Pattern.sequence(Pattern.java:2101)
	at java.util.regex.Pattern.expr(Pattern.java:1964)
	at java.util.regex.Pattern.compile(Pattern.java:1665)
	at java.util.regex.Pattern.<init>(Pattern.java:1337)
	at java.util.regex.Pattern.compile(Pattern.java:1022)
	at java.lang.String.split(String.java:2313)
	at java.lang.String.split(String.java:2355)
	at cn.jbolt.htmltowxml4j.core.HtmlToJson.processMutilTextNode(HtmlToJson.java:306)
	at cn.jbolt.htmltowxml4j.core.HtmlToJson.processPreLi(HtmlToJson.java:283)
	at cn.jbolt.htmltowxml4j.core.HtmlToJson.processPreOl(HtmlToJson.java:257)
	at cn.jbolt.htmltowxml4j.core.HtmlToJson.processTagPre(HtmlToJson.java:242)
	at cn.jbolt.htmltowxml4j.core.HtmlToJson.convertNodeToJsonObject(HtmlToJson.java:103)
	at cn.jbolt.htmltowxml4j.core.HtmlToJson.processChildNodes(HtmlToJson.java:388)
	at cn.jbolt.htmltowxml4j.core.HtmlToJson.convertNodeToJsonObject(HtmlToJson.java:113)
	at cn.jbolt.htmltowxml4j.core.HtmlToJson.get(HtmlToJson.java:72)
	at cn.jbolt.htmltowxml4j.api.IndexController.index(IndexController.java:49)
	at sun.reflect.NativeMethodAccessorImpl.invoke0(Native Method)
	at sun.reflect.NativeMethodAccessorImpl.invoke(NativeMethodAccessorImpl.java:57)
	at sun.reflect.DelegatingMethodAccessorImpl.invoke(DelegatingMethodAccessorImpl.java:43)
	at java.lang.reflect.Method.invoke(Method.java:606)
	at com.jfinal.aop.Invocation.invoke(Invocation.java:73)
	at com.jfinal.core.ActionHandler.handle(ActionHandler.java:78)
	at com.jfinal.core.JFinalFilter.doFilter(JFinalFilter.java:73)
	at org.eclipse.jetty.servlet.ServletHandler$CachedChain.doFilter(ServletHandler.java:1307)
	at org.eclipse.jetty.servlet.ServletHandler.doHandle(ServletHandler.java:453)
	at org.eclipse.jetty.server.handler.ScopedHandler.handle(ScopedHandler.java:137)
	at org.eclipse.jetty.security.SecurityHandler.handle(SecurityHandler.java:560)
	at org.eclipse.jetty.server.session.SessionHandler.doHandle(SessionHandler.java:231)
	at org.eclipse.jetty.server.handler.ContextHandler.doHandle(ContextHandler.java:1072)
	at org.eclipse.jetty.servlet.ServletHandler.doScope(ServletHandler.java:382)
	at org.eclipse.jetty.server.session.SessionHandler.doScope(SessionHandler.java:193)
	at org.eclipse.jetty.server.handler.ContextHandler.doScope(ContextHandler.java:1006)
	at org.eclipse.jetty.server.handler.ScopedHandler.handle(ScopedHandler.java:135)
	at org.eclipse.jetty.server.handler.HandlerWrapper.handle(HandlerWrapper.java:116)
	at org.eclipse.jetty.server.Server.handle(Server.java:365)
	at org.eclipse.jetty.server.AbstractHttpConnection.handleRequest(AbstractHttpConnection.java:485)
	at org.eclipse.jetty.server.AbstractHttpConnection.content(AbstractHttpConnection.java:937)
	at org.eclipse.jetty.server.AbstractHttpConnection$RequestHandler.content(AbstractHttpConnection.java:998)
	at org.eclipse.jetty.http.HttpParser.parseNext(HttpParser.java:856)
	at org.eclipse.jetty.http.HttpParser.parseAvailable(HttpParser.java:240)
	at org.eclipse.jetty.server.AsyncHttpConnection.handle(AsyncHttpConnection.java:82)
	at org.eclipse.jetty.io.nio.SelectChannelEndPoint.handle(SelectChannelEndPoint.java:628)
	at org.eclipse.jetty.io.nio.SelectChannelEndPoint$1.run(SelectChannelEndPoint.java:52)
	at org.eclipse.jetty.util.thread.QueuedThreadPool.runJob(QueuedThreadPool.java:608)
	at org.eclipse.jetty.util.thread.QueuedThreadPool$3.run(QueuedThreadPool.java:543)
	at java.lang.Thread.run(Thread.java:744)

2018-08-08 02:27:13
[ERROR]-[Thread: qtp15497163-16]-[com.jfinal.core.ActionHandler.handle()]: /
java.util.regex.PatternSyntaxException: Unclosed character class near index 7
\($_GET[
       ^
	at java.util.regex.Pattern.error(Pattern.java:1924)
	at java.util.regex.Pattern.clazz(Pattern.java:2493)
	at java.util.regex.Pattern.sequence(Pattern.java:2030)
	at java.util.regex.Pattern.expr(Pattern.java:1964)
	at java.util.regex.Pattern.compile(Pattern.java:1665)
	at java.util.regex.Pattern.<init>(Pattern.java:1337)
	at java.util.regex.Pattern.compile(Pattern.java:1022)
	at java.lang.String.split(String.java:2313)
	at java.lang.String.split(String.java:2355)
	at cn.jbolt.htmltowxml4j.core.HtmlToJson.processMutilTextNode(HtmlToJson.java:306)
	at cn.jbolt.htmltowxml4j.core.HtmlToJson.processPreLi(HtmlToJson.java:283)
	at cn.jbolt.htmltowxml4j.core.HtmlToJson.processPreOl(HtmlToJson.java:257)
	at cn.jbolt.htmltowxml4j.core.HtmlToJson.processTagPre(HtmlToJson.java:242)
	at cn.jbolt.htmltowxml4j.core.HtmlToJson.convertNodeToJsonObject(HtmlToJson.java:103)
	at cn.jbolt.htmltowxml4j.core.HtmlToJson.get(HtmlToJson.java:72)
	at cn.jbolt.htmltowxml4j.api.IndexController.index(IndexController.java:49)
	at sun.reflect.NativeMethodAccessorImpl.invoke0(Native Method)
	at sun.reflect.NativeMethodAccessorImpl.invoke(NativeMethodAccessorImpl.java:57)
	at sun.reflect.DelegatingMethodAccessorImpl.invoke(DelegatingMethodAccessorImpl.java:43)
	at java.lang.reflect.Method.invoke(Method.java:606)
	at com.jfinal.aop.Invocation.invoke(Invocation.java:73)
	at com.jfinal.core.ActionHandler.handle(ActionHandler.java:78)
	at com.jfinal.core.JFinalFilter.doFilter(JFinalFilter.java:73)
	at org.eclipse.jetty.servlet.ServletHandler$CachedChain.doFilter(ServletHandler.java:1307)
	at org.eclipse.jetty.servlet.ServletHandler.doHandle(ServletHandler.java:453)
	at org.eclipse.jetty.server.handler.ScopedHandler.handle(ScopedHandler.java:137)
	at org.eclipse.jetty.security.SecurityHandler.handle(SecurityHandler.java:560)
	at org.eclipse.jetty.server.session.SessionHandler.doHandle(SessionHandler.java:231)
	at org.eclipse.jetty.server.handler.ContextHandler.doHandle(ContextHandler.java:1072)
	at org.eclipse.jetty.servlet.ServletHandler.doScope(ServletHandler.java:382)
	at org.eclipse.jetty.server.session.SessionHandler.doScope(SessionHandler.java:193)
	at org.eclipse.jetty.server.handler.ContextHandler.doScope(ContextHandler.java:1006)
	at org.eclipse.jetty.server.handler.ScopedHandler.handle(ScopedHandler.java:135)
	at org.eclipse.jetty.server.handler.HandlerWrapper.handle(HandlerWrapper.java:116)
	at org.eclipse.jetty.server.Server.handle(Server.java:365)
	at org.eclipse.jetty.server.AbstractHttpConnection.handleRequest(AbstractHttpConnection.java:485)
	at org.eclipse.jetty.server.AbstractHttpConnection.content(AbstractHttpConnection.java:937)
	at org.eclipse.jetty.server.AbstractHttpConnection$RequestHandler.content(AbstractHttpConnection.java:998)
	at org.eclipse.jetty.http.HttpParser.parseNext(HttpParser.java:856)
	at org.eclipse.jetty.http.HttpParser.parseAvailable(HttpParser.java:240)
	at org.eclipse.jetty.server.AsyncHttpConnection.handle(AsyncHttpConnection.java:82)
	at org.eclipse.jetty.io.nio.SelectChannelEndPoint.handle(SelectChannelEndPoint.java:628)
	at org.eclipse.jetty.io.nio.SelectChannelEndPoint$1.run(SelectChannelEndPoint.java:52)
	at org.eclipse.jetty.util.thread.QueuedThreadPool.runJob(QueuedThreadPool.java:608)
	at org.eclipse.jetty.util.thread.QueuedThreadPool$3.run(QueuedThreadPool.java:543)
	at java.lang.Thread.run(Thread.java:744)

2018-08-08 02:56:41
[ERROR]-[Thread: main]-[com.jfinal.kit.LogKit.error()]: port: 8088 already in use!
java.lang.IllegalStateException: port: 8088 already in use!
	at com.jfinal.server.JettyServer.doStart(JettyServer.java:87)
	at com.jfinal.server.JettyServer.start(JettyServer.java:70)
	at com.jfinal.core.JFinal.start(JFinal.java:162)
	at cn.jbolt.htmltowxml4j.common.config.MainConfig.main(MainConfig.java:77)
